2025-02-03 09:15:31 [JavaFX Application Thread] WARN - Waychef v - Compilado em 19/05/2021
2025-02-03 09:15:31 [JavaFX Application Thread] WARN - fileName = C:\PythonPrivados\WBranchMobile\homolog.properties
2025-02-03 09:15:31 [JavaFX Application Thread] WARN - fileName = C:\PythonPrivados\WBranchMobile\homolog.properties
2025-02-03 09:20:22 [Thread-5] WARN - clientPWS.getUrlBase() = http://api.waychef.com.br/api
2025-02-03 09:20:23 [Thread-5] WARN - GET http://api.waychef.com.br/api/v2/wizard?inscricaoFederal=00689700000135 => 200
2025-02-03 09:20:23 [Thread-5] WARN - Request Time: PT0.827S
2025-02-03 09:20:48 [Thread-9] WARN - clientPWS.getUrlBase() = http://api.waychef.com.br/api
2025-02-03 09:20:49 [Thread-9] WARN - GET http://api.waychef.com.br/api/v2/wizard/validar-master?idEmpresa=202&email=manoel%40waybe.com.br&senha=manoel123 => 200
2025-02-03 09:20:49 [Thread-9] WARN - Request Time: PT0.263S
2025-02-03 09:20:49 [Thread-9] WARN - GET http://api.waychef.com.br/api/v1/estacoes?nomeEstacao=DSV19
2025-02-03 09:20:49 [Thread-9] WARN - GET http://api.waychef.com.br/api/v1/estacoes?nomeEstacao=DSV19 => 200
2025-02-03 09:20:52 [JavaFX Application Thread] ERROR- Um erro năo tratado ocorreu: 
java.lang.NullPointerException: null
	at com.sun.javafx.tk.quantum.QuantumToolkit.isSupported(QuantumToolkit.java:1196) ~[jfxrt.jar:?]
	at com.sun.javafx.application.PlatformImpl.isSupportedImpl(PlatformImpl.java:809) ~[jfxrt.jar:?]
	at com.sun.javafx.application.PlatformImpl.isSupported(PlatformImpl.java:482) ~[jfxrt.jar:?]
	at javafx.application.Platform.isSupported(Platform.java:168) ~[jfxrt.jar:?]
	at com.sun.javafx.scene.input.PickResultChooser.processOffer(PickResultChooser.java:182) ~[jfxrt.jar:?]
	at com.sun.javafx.scene.input.PickResultChooser.offer(PickResultChooser.java:143) ~[jfxrt.jar:?]
	at javafx.scene.Node.impl_intersects(Node.java:4943) ~[jfxrt.jar:?]
	at javafx.scene.layout.Region.impl_pickNodeLocal(Region.java:2942) ~[jfxrt.jar:?]
	at javafx.scene.Node.impl_pickNode(Node.java:4912) ~[jfxrt.jar:?]
	at javafx.scene.layout.Region.impl_pickNodeLocal(Region.java:2936) ~[jfxrt.jar:?]
	at javafx.scene.Node.impl_pickNode(Node.java:4912) ~[jfxrt.jar:?]
	at javafx.scene.layout.Region.impl_pickNodeLocal(Region.java:2936) ~[jfxrt.jar:?]
	at javafx.scene.Node.impl_pickNode(Node.java:4912) ~[jfxrt.jar:?]
	at javafx.scene.layout.Region.impl_pickNodeLocal(Region.java:2936) ~[jfxrt.jar:?]
	at javafx.scene.Node.impl_pickNode(Node.java:4912) ~[jfxrt.jar:?]
	at javafx.scene.layout.Region.impl_pickNodeLocal(Region.java:2936) ~[jfxrt.jar:?]
	at javafx.scene.Node.impl_pickNode(Node.java:4912) ~[jfxrt.jar:?]
	at javafx.scene.layout.Region.impl_pickNodeLocal(Region.java:2936) ~[jfxrt.jar:?]
	at javafx.scene.Node.impl_pickNode(Node.java:4912) ~[jfxrt.jar:?]
	at javafx.scene.layout.Region.impl_pickNodeLocal(Region.java:2936) ~[jfxrt.jar:?]
	at javafx.scene.Node.impl_pickNode(Node.java:4912) ~[jfxrt.jar:?]
	at javafx.scene.Scene$MouseHandler.pickNode(Scene.java:3899) ~[jfxrt.jar:?]
	at javafx.scene.Scene$MouseHandler.access$1600(Scene.java:3485) ~[jfxrt.jar:?]
	at javafx.scene.Scene.pick(Scene.java:1942) ~[jfxrt.jar:?]
	at javafx.scene.Scene.access$6700(Scene.java:159) ~[jfxrt.jar:?]
	at javafx.scene.Scene$MouseHandler.process(Scene.java:3711) ~[jfxrt.jar:?]
	at javafx.scene.Scene$MouseHandler.access$1500(Scene.java:3485) ~[jfxrt.jar:?]
	at javafx.scene.Scene.impl_processMouseEvent(Scene.java:1762) ~[jfxrt.jar:?]
	at javafx.scene.Scene$ScenePeerListener.mouseEvent(Scene.java:2494) ~[jfxrt.jar:?]
	at com.sun.javafx.tk.quantum.GlassViewEventHandler$MouseEventNotification.run(GlassViewEventHandler.java:394) ~[jfxrt.jar:?]
	at com.sun.javafx.tk.quantum.GlassViewEventHandler$MouseEventNotification.run(GlassViewEventHandler.java:295) ~[jfxrt.jar:?]
	at java.security.AccessController.doPrivileged(Native Method) ~[?:1.8.0_271]
	at com.sun.javafx.tk.quantum.GlassViewEventHandler.lambda$handleMouseEvent$2(GlassViewEventHandler.java:432) ~[jfxrt.jar:?]
	at com.sun.javafx.tk.quantum.QuantumToolkit.runWithoutRenderLock(QuantumToolkit.java:410) ~[jfxrt.jar:?]
	at com.sun.javafx.tk.quantum.GlassViewEventHandler.handleMouseEvent(GlassViewEventHandler.java:431) ~[jfxrt.jar:?]
	at com.sun.glass.ui.View.handleMouseEvent(View.java:555) ~[jfxrt.jar:?]
	at com.sun.glass.ui.View.notifyMouse(View.java:937) ~[jfxrt.jar:?]
	at com.sun.glass.ui.win.WinApplication._runLoop(Native Method) ~[jfxrt.jar:?]
	at com.sun.glass.ui.win.WinApplication.lambda$null$4(WinApplication.java:187) ~[jfxrt.jar:?]
	at java.lang.Thread.run(Unknown Source) [?:1.8.0_271]
2025-02-03 09:20:52 [JavaFX Application Thread] ERROR- Um erro năo tratado ocorreu: 
java.lang.NullPointerException: null
	at com.sun.javafx.tk.quantum.QuantumToolkit.isSupported(QuantumToolkit.java:1196) ~[jfxrt.jar:?]
	at com.sun.javafx.application.PlatformImpl.isSupportedImpl(PlatformImpl.java:809) ~[jfxrt.jar:?]
	at com.sun.javafx.application.PlatformImpl.isSupported(PlatformImpl.java:482) ~[jfxrt.jar:?]
	at javafx.application.Platform.isSupported(Platform.java:168) ~[jfxrt.jar:?]
	at com.sun.javafx.scene.input.PickResultChooser.processOffer(PickResultChooser.java:182) ~[jfxrt.jar:?]
	at com.sun.javafx.scene.input.PickResultChooser.offer(PickResultChooser.java:143) ~[jfxrt.jar:?]
	at javafx.scene.Node.impl_intersects(Node.java:4943) ~[jfxrt.jar:?]
	at javafx.scene.layout.Region.impl_pickNodeLocal(Region.java:2942) ~[jfxrt.jar:?]
	at javafx.scene.Node.impl_pickNode(Node.java:4912) ~[jfxrt.jar:?]
	at javafx.scene.layout.Region.impl_pickNodeLocal(Region.java:2936) ~[jfxrt.jar:?]
	at javafx.scene.Node.impl_pickNode(Node.java:4912) ~[jfxrt.jar:?]
	at javafx.scene.layout.Region.impl_pickNodeLocal(Region.java:2936) ~[jfxrt.jar:?]
	at javafx.scene.Node.impl_pickNode(Node.java:4912) ~[jfxrt.jar:?]
	at javafx.scene.layout.Region.impl_pickNodeLocal(Region.java:2936) ~[jfxrt.jar:?]
	at javafx.scene.Node.impl_pickNode(Node.java:4912) ~[jfxrt.jar:?]
	at javafx.scene.layout.Region.impl_pickNodeLocal(Region.java:2936) ~[jfxrt.jar:?]
	at javafx.scene.Node.impl_pickNode(Node.java:4912) ~[jfxrt.jar:?]
	at javafx.scene.layout.Region.impl_pickNodeLocal(Region.java:2936) ~[jfxrt.jar:?]
	at javafx.scene.Node.impl_pickNode(Node.java:4912) ~[jfxrt.jar:?]
	at javafx.scene.layout.Region.impl_pickNodeLocal(Region.java:2936) ~[jfxrt.jar:?]
	at javafx.scene.Node.impl_pickNode(Node.java:4912) ~[jfxrt.jar:?]
	at javafx.scene.Scene$MouseHandler.pickNode(Scene.java:3899) ~[jfxrt.jar:?]
	at javafx.scene.Scene$MouseHandler.access$1600(Scene.java:3485) ~[jfxrt.jar:?]
	at javafx.scene.Scene.pick(Scene.java:1942) ~[jfxrt.jar:?]
	at javafx.scene.Scene.access$6700(Scene.java:159) ~[jfxrt.jar:?]
	at javafx.scene.Scene$MouseHandler.process(Scene.java:3711) ~[jfxrt.jar:?]
	at javafx.scene.Scene$MouseHandler.access$1500(Scene.java:3485) ~[jfxrt.jar:?]
	at javafx.scene.Scene.impl_processMouseEvent(Scene.java:1762) ~[jfxrt.jar:?]
	at javafx.scene.Scene$ScenePeerListener.mouseEvent(Scene.java:2494) ~[jfxrt.jar:?]
	at com.sun.javafx.tk.quantum.GlassViewEventHandler$MouseEventNotification.run(GlassViewEventHandler.java:394) ~[jfxrt.jar:?]
	at com.sun.javafx.tk.quantum.GlassViewEventHandler$MouseEventNotification.run(GlassViewEventHandler.java:295) ~[jfxrt.jar:?]
	at java.security.AccessController.doPrivileged(Native Method) ~[?:1.8.0_271]
	at com.sun.javafx.tk.quantum.GlassViewEventHandler.lambda$handleMouseEvent$2(GlassViewEventHandler.java:432) ~[jfxrt.jar:?]
	at com.sun.javafx.tk.quantum.QuantumToolkit.runWithoutRenderLock(QuantumToolkit.java:410) ~[jfxrt.jar:?]
	at com.sun.javafx.tk.quantum.GlassViewEventHandler.handleMouseEvent(GlassViewEventHandler.java:431) ~[jfxrt.jar:?]
	at com.sun.glass.ui.View.handleMouseEvent(View.java:555) ~[jfxrt.jar:?]
	at com.sun.glass.ui.View.notifyMouse(View.java:937) ~[jfxrt.jar:?]
	at com.sun.glass.ui.win.WinApplication._runLoop(Native Method) ~[jfxrt.jar:?]
	at com.sun.glass.ui.win.WinApplication.lambda$null$4(WinApplication.java:187) ~[jfxrt.jar:?]
	at java.lang.Thread.run(Unknown Source) [?:1.8.0_271]
2025-02-03 09:20:52 [JavaFX Application Thread] ERROR- Um erro năo tratado ocorreu: 
java.lang.NullPointerException: null
	at com.sun.javafx.tk.quantum.QuantumToolkit.isSupported(QuantumToolkit.java:1196) ~[jfxrt.jar:?]
	at com.sun.javafx.application.PlatformImpl.isSupportedImpl(PlatformImpl.java:809) ~[jfxrt.jar:?]
	at com.sun.javafx.application.PlatformImpl.isSupported(PlatformImpl.java:482) ~[jfxrt.jar:?]
	at javafx.application.Platform.isSupported(Platform.java:168) ~[jfxrt.jar:?]
	at com.sun.javafx.scene.input.PickResultChooser.processOffer(PickResultChooser.java:182) ~[jfxrt.jar:?]
	at com.sun.javafx.scene.input.PickResultChooser.offer(PickResultChooser.java:143) ~[jfxrt.jar:?]
	at javafx.scene.Node.impl_intersects(Node.java:4943) ~[jfxrt.jar:?]
	at javafx.scene.layout.Region.impl_pickNodeLocal(Region.java:2942) ~[jfxrt.jar:?]
	at javafx.scene.Node.impl_pickNode(Node.java:4912) ~[jfxrt.jar:?]
	at javafx.scene.layout.Region.impl_pickNodeLocal(Region.java:2936) ~[jfxrt.jar:?]
	at javafx.scene.Node.impl_pickNode(Node.java:4912) ~[jfxrt.jar:?]
	at javafx.scene.layout.Region.impl_pickNodeLocal(Region.java:2936) ~[jfxrt.jar:?]
	at javafx.scene.Node.impl_pickNode(Node.java:4912) ~[jfxrt.jar:?]
	at javafx.scene.layout.Region.impl_pickNodeLocal(Region.java:2936) ~[jfxrt.jar:?]
	at javafx.scene.Node.impl_pickNode(Node.java:4912) ~[jfxrt.jar:?]
	at javafx.scene.layout.Region.impl_pickNodeLocal(Region.java:2936) ~[jfxrt.jar:?]
	at javafx.scene.Node.impl_pickNode(Node.java:4912) ~[jfxrt.jar:?]
	at javafx.scene.layout.Region.impl_pickNodeLocal(Region.java:2936) ~[jfxrt.jar:?]
	at javafx.scene.Node.impl_pickNode(Node.java:4912) ~[jfxrt.jar:?]
	at javafx.scene.layout.Region.impl_pickNodeLocal(Region.java:2936) ~[jfxrt.jar:?]
	at javafx.scene.Node.impl_pickNode(Node.java:4912) ~[jfxrt.jar:?]
	at javafx.scene.Scene$MouseHandler.pickNode(Scene.java:3899) ~[jfxrt.jar:?]
	at javafx.scene.Scene$MouseHandler.access$1600(Scene.java:3485) ~[jfxrt.jar:?]
	at javafx.scene.Scene.pick(Scene.java:1942) ~[jfxrt.jar:?]
	at javafx.scene.Scene.access$6700(Scene.java:159) ~[jfxrt.jar:?]
	at javafx.scene.Scene$MouseHandler.process(Scene.java:3711) ~[jfxrt.jar:?]
	at javafx.scene.Scene$MouseHandler.access$1500(Scene.java:3485) ~[jfxrt.jar:?]
	at javafx.scene.Scene.impl_processMouseEvent(Scene.java:1762) ~[jfxrt.jar:?]
	at javafx.scene.Scene$ScenePeerListener.mouseEvent(Scene.java:2494) ~[jfxrt.jar:?]
	at com.sun.javafx.tk.quantum.GlassViewEventHandler$MouseEventNotification.run(GlassViewEventHandler.java:394) ~[jfxrt.jar:?]
	at com.sun.javafx.tk.quantum.GlassViewEventHandler$MouseEventNotification.run(GlassViewEventHandler.java:295) ~[jfxrt.jar:?]
	at java.security.AccessController.doPrivileged(Native Method) ~[?:1.8.0_271]
	at com.sun.javafx.tk.quantum.GlassViewEventHandler.lambda$handleMouseEvent$2(GlassViewEventHandler.java:432) ~[jfxrt.jar:?]
	at com.sun.javafx.tk.quantum.QuantumToolkit.runWithoutRenderLock(QuantumToolkit.java:410) ~[jfxrt.jar:?]
	at com.sun.javafx.tk.quantum.GlassViewEventHandler.handleMouseEvent(GlassViewEventHandler.java:431) ~[jfxrt.jar:?]
	at com.sun.glass.ui.View.handleMouseEvent(View.java:555) ~[jfxrt.jar:?]
	at com.sun.glass.ui.View.notifyMouse(View.java:937) ~[jfxrt.jar:?]
	at com.sun.glass.ui.win.WinApplication._runLoop(Native Method) ~[jfxrt.jar:?]
	at com.sun.glass.ui.win.WinApplication.lambda$null$4(WinApplication.java:187) ~[jfxrt.jar:?]
	at java.lang.Thread.run(Unknown Source) [?:1.8.0_271]
2025-02-03 09:20:52 [JavaFX Application Thread] ERROR- Um erro năo tratado ocorreu: 
java.lang.NullPointerException: null
	at com.sun.javafx.tk.quantum.QuantumToolkit.isSupported(QuantumToolkit.java:1196) ~[jfxrt.jar:?]
	at com.sun.javafx.application.PlatformImpl.isSupportedImpl(PlatformImpl.java:809) ~[jfxrt.jar:?]
	at com.sun.javafx.application.PlatformImpl.isSupported(PlatformImpl.java:482) ~[jfxrt.jar:?]
	at javafx.application.Platform.isSupported(Platform.java:168) ~[jfxrt.jar:?]
	at com.sun.javafx.scene.input.PickResultChooser.processOffer(PickResultChooser.java:182) ~[jfxrt.jar:?]
	at com.sun.javafx.scene.input.PickResultChooser.offer(PickResultChooser.java:143) ~[jfxrt.jar:?]
	at javafx.scene.Node.impl_intersects(Node.java:4943) ~[jfxrt.jar:?]
	at javafx.scene.layout.Region.impl_pickNodeLocal(Region.java:2942) ~[jfxrt.jar:?]
	at javafx.scene.Node.impl_pickNode(Node.java:4912) ~[jfxrt.jar:?]
	at javafx.scene.layout.Region.impl_pickNodeLocal(Region.java:2936) ~[jfxrt.jar:?]
	at javafx.scene.Node.impl_pickNode(Node.java:4912) ~[jfxrt.jar:?]
	at javafx.scene.layout.Region.impl_pickNodeLocal(Region.java:2936) ~[jfxrt.jar:?]
	at javafx.scene.Node.impl_pickNode(Node.java:4912) ~[jfxrt.jar:?]
	at javafx.scene.layout.Region.impl_pickNodeLocal(Region.java:2936) ~[jfxrt.jar:?]
	at javafx.scene.Node.impl_pickNode(Node.java:4912) ~[jfxrt.jar:?]
	at javafx.scene.layout.Region.impl_pickNodeLocal(Region.java:2936) ~[jfxrt.jar:?]
	at javafx.scene.Node.impl_pickNode(Node.java:4912) ~[jfxrt.jar:?]
	at javafx.scene.layout.Region.impl_pickNodeLocal(Region.java:2936) ~[jfxrt.jar:?]
	at javafx.scene.Node.impl_pickNode(Node.java:4912) ~[jfxrt.jar:?]
	at javafx.scene.layout.Region.impl_pickNodeLocal(Region.java:2936) ~[jfxrt.jar:?]
	at javafx.scene.Node.impl_pickNode(Node.java:4912) ~[jfxrt.jar:?]
	at javafx.scene.Scene$MouseHandler.pickNode(Scene.java:3899) ~[jfxrt.jar:?]
	at javafx.scene.Scene$MouseHandler.access$1600(Scene.java:3485) ~[jfxrt.jar:?]
	at javafx.scene.Scene.pick(Scene.java:1942) ~[jfxrt.jar:?]
	at javafx.scene.Scene.access$6700(Scene.java:159) ~[jfxrt.jar:?]
	at javafx.scene.Scene$MouseHandler.process(Scene.java:3711) ~[jfxrt.jar:?]
	at javafx.scene.Scene$MouseHandler.access$1500(Scene.java:3485) ~[jfxrt.jar:?]
	at javafx.scene.Scene.impl_processMouseEvent(Scene.java:1762) ~[jfxrt.jar:?]
	at javafx.scene.Scene$ScenePeerListener.mouseEvent(Scene.java:2494) ~[jfxrt.jar:?]
	at com.sun.javafx.tk.quantum.GlassViewEventHandler$MouseEventNotification.run(GlassViewEventHandler.java:394) ~[jfxrt.jar:?]
	at com.sun.javafx.tk.quantum.GlassViewEventHandler$MouseEventNotification.run(GlassViewEventHandler.java:295) ~[jfxrt.jar:?]
	at java.security.AccessController.doPrivileged(Native Method) ~[?:1.8.0_271]
	at com.sun.javafx.tk.quantum.GlassViewEventHandler.lambda$handleMouseEvent$2(GlassViewEventHandler.java:432) ~[jfxrt.jar:?]
	at com.sun.javafx.tk.quantum.QuantumToolkit.runWithoutRenderLock(QuantumToolkit.java:410) ~[jfxrt.jar:?]
	at com.sun.javafx.tk.quantum.GlassViewEventHandler.handleMouseEvent(GlassViewEventHandler.java:431) ~[jfxrt.jar:?]
	at com.sun.glass.ui.View.handleMouseEvent(View.java:555) ~[jfxrt.jar:?]
	at com.sun.glass.ui.View.notifyMouse(View.java:937) ~[jfxrt.jar:?]
	at com.sun.glass.ui.win.WinApplication._runLoop(Native Method) ~[jfxrt.jar:?]
	at com.sun.glass.ui.win.WinApplication.lambda$null$4(WinApplication.java:187) ~[jfxrt.jar:?]
	at java.lang.Thread.run(Unknown Source) [?:1.8.0_271]
2025-02-03 09:20:53 [JavaFX Application Thread] WARN - Waychef v - Compilado em 19/05/2021
2025-02-03 09:20:54 [Thread-6] WARN - #######################################
2025-02-03 09:20:54 [Thread-6] WARN - #######################################
2025-02-03 09:20:54 [Thread-6] WARN - ### tratativaTrocaAPI
2025-02-03 09:20:54 [Thread-6] WARN - ### Host: api.waychef.com.br
2025-02-03 09:20:54 [Thread-6] WARN - ### Host năo sofreu alteraçăo
2025-02-03 09:20:54 [Thread-6] WARN - #######################################
2025-02-03 09:20:54 [Thread-6] WARN - #######################################
2025-02-03 09:20:54 [Thread-6] WARN - fileName = C:\PythonPrivados\WBranchMobile\homolog.properties
2025-02-03 09:20:55 [Thread-6] WARN - fileName = C:\PythonPrivados\WBranchMobile\homolog.properties
2025-02-03 09:20:55 [Thread-6] WARN - clientPWS.getUrlBase() = http://api.waychef.com.br/api
2025-02-03 09:20:56 [Thread-6] WARN - GET http://api.waychef.com.br/api/v2/versionamento?client=WAITER&versaoAtual=3.1.73 => 204
2025-02-03 09:20:56 [Thread-6] WARN - Request Time: PT0.108S
2025-02-03 09:20:57 [Thread-6] WARN - clientPWS.getUrlBase() = http://api.waychef.com.br/api
2025-02-03 09:20:57 [Thread-6] ERROR- Erro ao carregar dll sitef: 
java.lang.UnsatisfiedLinkError: Unable to load library 'C:\PythonPrivados\WBranchMobile\lib\Sitef\CliSiTef32I.dll':
A operaçăo foi concluída com ęxito.

A operaçăo foi concluída com ęxito.

Native library (win32-x86/C:\PythonPrivados\WBranchMobile\lib\Sitef\CliSiTef32I.dll) not found in resource path ([file:/C:/Sifat/Waychef/waychef.jar])
	at com.sun.jna.NativeLibrary.loadLibrary(NativeLibrary.java:302) ~[waychef.jar:?]
	at com.sun.jna.NativeLibrary.getInstance(NativeLibrary.java:455) ~[waychef.jar:?]
	at com.sun.jna.Library$Handler.<init>(Library.java:192) ~[waychef.jar:?]
	at com.sun.jna.Native.load(Native.java:596) ~[waychef.jar:?]
	at com.sun.jna.Native.load(Native.java:570) ~[waychef.jar:?]
	at br.com.sifat.corefx.sitef.InterfaceSiTef.<clinit>(InterfaceSiTef.java:17) ~[waychef.jar:?]
	at br.com.sifat.corefx.sitef.SiTefService.instanciaDLL(SiTefService.java:986) ~[waychef.jar:?]
	at br.com.sifat.waiter.controller.Main.lambda$null$2(Main.java:205) ~[waychef.jar:?]
	at br.com.sifat.corefx.service.AtualizacaoController.atualizarSeNecessario(AtualizacaoController.java:52) ~[waychef.jar:?]
	at br.com.sifat.waiter.controller.Main.lambda$start$7(Main.java:232) ~[waychef.jar:?]
	at java.lang.Thread.run(Unknown Source) [?:1.8.0_271]
	Suppressed: java.lang.UnsatisfiedLinkError: A operaçăo foi concluída com ęxito.

		at com.sun.jna.Native.open(Native Method) ~[waychef.jar:?]
		at com.sun.jna.NativeLibrary.loadLibrary(NativeLibrary.java:191) ~[waychef.jar:?]
		at com.sun.jna.NativeLibrary.getInstance(NativeLibrary.java:455) ~[waychef.jar:?]
		at com.sun.jna.Library$Handler.<init>(Library.java:192) ~[waychef.jar:?]
		at com.sun.jna.Native.load(Native.java:596) ~[waychef.jar:?]
		at com.sun.jna.Native.load(Native.java:570) ~[waychef.jar:?]
		at br.com.sifat.corefx.sitef.InterfaceSiTef.<clinit>(InterfaceSiTef.java:17) ~[waychef.jar:?]
		at br.com.sifat.corefx.sitef.SiTefService.instanciaDLL(SiTefService.java:986) ~[waychef.jar:?]
		at br.com.sifat.waiter.controller.Main.lambda$null$2(Main.java:205) ~[waychef.jar:?]
		at br.com.sifat.corefx.service.AtualizacaoController.atualizarSeNecessario(AtualizacaoController.java:52) ~[waychef.jar:?]
		at br.com.sifat.waiter.controller.Main.lambda$start$7(Main.java:232) ~[waychef.jar:?]
		at java.lang.Thread.run(Unknown Source) [?:1.8.0_271]
	Suppressed: java.lang.UnsatisfiedLinkError: A operaçăo foi concluída com ęxito.

		at com.sun.jna.Native.open(Native Method) ~[waychef.jar:?]
		at com.sun.jna.NativeLibrary.loadLibrary(NativeLibrary.java:204) ~[waychef.jar:?]
		at com.sun.jna.NativeLibrary.getInstance(NativeLibrary.java:455) ~[waychef.jar:?]
		at com.sun.jna.Library$Handler.<init>(Library.java:192) ~[waychef.jar:?]
		at com.sun.jna.Native.load(Native.java:596) ~[waychef.jar:?]
		at com.sun.jna.Native.load(Native.java:570) ~[waychef.jar:?]
		at br.com.sifat.corefx.sitef.InterfaceSiTef.<clinit>(InterfaceSiTef.java:17) ~[waychef.jar:?]
		at br.com.sifat.corefx.sitef.SiTefService.instanciaDLL(SiTefService.java:986) ~[waychef.jar:?]
		at br.com.sifat.waiter.controller.Main.lambda$null$2(Main.java:205) ~[waychef.jar:?]
		at br.com.sifat.corefx.service.AtualizacaoController.atualizarSeNecessario(AtualizacaoController.java:52) ~[waychef.jar:?]
		at br.com.sifat.waiter.controller.Main.lambda$start$7(Main.java:232) ~[waychef.jar:?]
		at java.lang.Thread.run(Unknown Source) [?:1.8.0_271]
	Suppressed: java.io.IOException: Native library (win32-x86/C:\PythonPrivados\WBranchMobile\lib\Sitef\CliSiTef32I.dll) not found in resource path ([file:/C:/Sifat/Waychef/waychef.jar])
		at com.sun.jna.Native.extractFromResourcePath(Native.java:1095) ~[waychef.jar:?]
		at com.sun.jna.NativeLibrary.loadLibrary(NativeLibrary.java:276) ~[waychef.jar:?]
		at com.sun.jna.NativeLibrary.getInstance(NativeLibrary.java:455) ~[waychef.jar:?]
		at com.sun.jna.Library$Handler.<init>(Library.java:192) ~[waychef.jar:?]
		at com.sun.jna.Native.load(Native.java:596) ~[waychef.jar:?]
		at com.sun.jna.Native.load(Native.java:570) ~[waychef.jar:?]
		at br.com.sifat.corefx.sitef.InterfaceSiTef.<clinit>(InterfaceSiTef.java:17) ~[waychef.jar:?]
		at br.com.sifat.corefx.sitef.SiTefService.instanciaDLL(SiTefService.java:986) ~[waychef.jar:?]
		at br.com.sifat.waiter.controller.Main.lambda$null$2(Main.java:205) ~[waychef.jar:?]
		at br.com.sifat.corefx.service.AtualizacaoController.atualizarSeNecessario(AtualizacaoController.java:52) ~[waychef.jar:?]
		at br.com.sifat.waiter.controller.Main.lambda$start$7(Main.java:232) ~[waychef.jar:?]
		at java.lang.Thread.run(Unknown Source) [?:1.8.0_271]
